<?xml version="1.0" ?>
<!DOCTYPE coverage SYSTEM "http://cobertura.sourceforge.net/xml/coverage-04.dtd">
<coverage lines-valid="41" lines-covered="1" line-rate="0.024399999999999998" branches-valid="32" branches-covered="0" branch-rate="0" timestamp="1566797361144" complexity="0" version="0.1">
  <sources>
    <source>/c/Users/tim.riley/Desktop/playground/reports</source>
  </sources>
  <packages>
    <class name="App.js" filename="src/App.js" line-rate="1" branch-rate="1">
      <methods>
        <method name="App" hits="1" signature="()V">
          <lines>
            <line number="5" hits="1"/>
          </lines>
        </method>
      </methods>
      <lines>
        <line number="6" hits="1" branch="false"/>
      </lines>
    </class>
    <class name="index.js" filename="src/index.js" line-rate="0" branch-rate="1">
      <methods>
      </methods>
      <lines>
        <line number="7" hits="0" branch="false"/>
        <line number="12" hits="0" branch="false"/>
      </lines>
    </class>
    <class name="serviceWorker.js" filename="src/serviceWorker.js" line-rate="0" branch-rate="0">
      <methods>
        <method name="register" hits="0" signature="()V">
          <lines>
            <line number="23" hits="0"/>
          </lines>
        </method>
        <method name="(anonymous_1)" hits="0" signature="()V">
          <lines>
            <line number="34" hits="0"/>
          </lines>
        </method>
        <method name="(anonymous_2)" hits="0" signature="()V">
          <lines>
            <line number="43" hits="0"/>
          </lines>
        </method>
        <method name="registerValidSW" hits="0" signature="()V">
          <lines>
            <line number="57" hits="0"/>
          </lines>
        </method>
        <method name="(anonymous_4)" hits="0" signature="()V">
          <lines>
            <line number="60" hits="0"/>
          </lines>
        </method>
        <method name="(anonymous_5)" hits="0" signature="()V">
          <lines>
            <line number="61" hits="0"/>
          </lines>
        </method>
        <method name="(anonymous_6)" hits="0" signature="()V">
          <lines>
            <line number="66" hits="0"/>
          </lines>
        </method>
        <method name="(anonymous_7)" hits="0" signature="()V">
          <lines>
            <line number="96" hits="0"/>
          </lines>
        </method>
        <method name="checkValidServiceWorker" hits="0" signature="()V">
          <lines>
            <line number="101" hits="0"/>
          </lines>
        </method>
        <method name="(anonymous_9)" hits="0" signature="()V">
          <lines>
            <line number="104" hits="0"/>
          </lines>
        </method>
        <method name="(anonymous_10)" hits="0" signature="()V">
          <lines>
            <line number="112" hits="0"/>
          </lines>
        </method>
        <method name="(anonymous_11)" hits="0" signature="()V">
          <lines>
            <line number="113" hits="0"/>
          </lines>
        </method>
        <method name="(anonymous_12)" hits="0" signature="()V">
          <lines>
            <line number="122" hits="0"/>
          </lines>
        </method>
        <method name="unregister" hits="0" signature="()V">
          <lines>
            <line number="129" hits="0"/>
          </lines>
        </method>
        <method name="(anonymous_14)" hits="0" signature="()V">
          <lines>
            <line number="131" hits="0"/>
          </lines>
        </method>
      </methods>
      <lines>
        <line number="13" hits="0" branch="false"/>
        <line number="24" hits="0" branch="true" condition-coverage="0% (0/4)"/>
        <line number="26" hits="0" branch="false"/>
        <line number="27" hits="0" branch="true" condition-coverage="0% (0/2)"/>
        <line number="31" hits="0" branch="false"/>
        <line number="34" hits="0" branch="false"/>
        <line number="35" hits="0" branch="false"/>
        <line number="37" hits="0" branch="true" condition-coverage="0% (0/2)"/>
        <line number="39" hits="0" branch="false"/>
        <line number="43" hits="0" branch="false"/>
        <line number="44" hits="0" branch="false"/>
        <line number="51" hits="0" branch="false"/>
        <line number="58" hits="0" branch="false"/>
        <line number="61" hits="0" branch="false"/>
        <line number="62" hits="0" branch="false"/>
        <line number="63" hits="0" branch="true" condition-coverage="0% (0/2)"/>
        <line number="64" hits="0" branch="false"/>
        <line number="66" hits="0" branch="false"/>
        <line number="67" hits="0" branch="true" condition-coverage="0% (0/2)"/>
        <line number="68" hits="0" branch="true" condition-coverage="0% (0/2)"/>
        <line number="72" hits="0" branch="false"/>
        <line number="78" hits="0" branch="true" condition-coverage="0% (0/4)"/>
        <line number="79" hits="0" branch="false"/>
        <line number="85" hits="0" branch="false"/>
        <line number="88" hits="0" branch="true" condition-coverage="0% (0/4)"/>
        <line number="89" hits="0" branch="false"/>
        <line number="97" hits="0" branch="false"/>
        <line number="103" hits="0" branch="false"/>
        <line number="106" hits="0" branch="false"/>
        <line number="107" hits="0" branch="true" condition-coverage="0% (0/2)"/>
        <line number="112" hits="0" branch="false"/>
        <line number="113" hits="0" branch="false"/>
        <line number="114" hits="0" branch="false"/>
        <line number="119" hits="0" branch="false"/>
        <line number="123" hits="0" branch="false"/>
        <line number="130" hits="0" branch="true" condition-coverage="0% (0/2)"/>
        <line number="131" hits="0" branch="false"/>
        <line number="132" hits="0" branch="false"/>
      </lines>
    </class>
  </packages>
</coverage>
